/home/angel/ros2_ws/src/ros2_project_el21ano/install/ros2_project_el21ano/lib/python3.10/site-packages/ros2_project_el21ano/first_step.py
/home/angel/ros2_ws/src/ros2_project_el21ano/install/ros2_project_el21ano/lib/python3.10/site-packages/ros2_project_el21ano/fourth_step.py
/home/angel/ros2_ws/src/ros2_project_el21ano/install/ros2_project_el21ano/lib/python3.10/site-packages/ros2_project_el21ano/third_step.py
/home/angel/ros2_ws/src/ros2_project_el21ano/install/ros2_project_el21ano/lib/python3.10/site-packages/ros2_project_el21ano/second_step.py
/home/angel/ros2_ws/src/ros2_project_el21ano/install/ros2_project_el21ano/lib/python3.10/site-packages/ros2_project_el21ano/answer.py
/home/angel/ros2_ws/src/ros2_project_el21ano/install/ros2_project_el21ano/lib/python3.10/site-packages/ros2_project_el21ano/__init__.py
/home/angel/ros2_ws/src/ros2_project_el21ano/install/ros2_project_el21ano/lib/python3.10/site-packages/ros2_project_el21ano/__pycache__/first_step.cpython-310.pyc
/home/angel/ros2_ws/src/ros2_project_el21ano/install/ros2_project_el21ano/lib/python3.10/site-packages/ros2_project_el21ano/__pycache__/fourth_step.cpython-310.pyc
/home/angel/ros2_ws/src/ros2_project_el21ano/install/ros2_project_el21ano/lib/python3.10/site-packages/ros2_project_el21ano/__pycache__/third_step.cpython-310.pyc
/home/angel/ros2_ws/src/ros2_project_el21ano/install/ros2_project_el21ano/lib/python3.10/site-packages/ros2_project_el21ano/__pycache__/second_step.cpython-310.pyc
/home/angel/ros2_ws/src/ros2_project_el21ano/install/ros2_project_el21ano/lib/python3.10/site-packages/ros2_project_el21ano/__pycache__/answer.cpython-310.pyc
/home/angel/ros2_ws/src/ros2_project_el21ano/install/ros2_project_el21ano/lib/python3.10/site-packages/ros2_project_el21ano/__pycache__/__init__.cpython-310.pyc
/home/angel/ros2_ws/src/ros2_project_el21ano/install/ros2_project_el21ano/share/ament_index/resource_index/packages/ros2_project_el21ano
/home/angel/ros2_ws/src/ros2_project_el21ano/install/ros2_project_el21ano/share/ros2_project_el21ano/package.xml
/home/angel/ros2_ws/src/ros2_project_el21ano/install/ros2_project_el21ano/lib/python3.10/site-packages/ros2_project_el21ano-0.0.0-py3.10.egg-info/top_level.txt
/home/angel/ros2_ws/src/ros2_project_el21ano/install/ros2_project_el21ano/lib/python3.10/site-packages/ros2_project_el21ano-0.0.0-py3.10.egg-info/zip-safe
/home/angel/ros2_ws/src/ros2_project_el21ano/install/ros2_project_el21ano/lib/python3.10/site-packages/ros2_project_el21ano-0.0.0-py3.10.egg-info/entry_points.txt
/home/angel/ros2_ws/src/ros2_project_el21ano/install/ros2_project_el21ano/lib/python3.10/site-packages/ros2_project_el21ano-0.0.0-py3.10.egg-info/requires.txt
/home/angel/ros2_ws/src/ros2_project_el21ano/install/ros2_project_el21ano/lib/python3.10/site-packages/ros2_project_el21ano-0.0.0-py3.10.egg-info/PKG-INFO
/home/angel/ros2_ws/src/ros2_project_el21ano/install/ros2_project_el21ano/lib/python3.10/site-packages/ros2_project_el21ano-0.0.0-py3.10.egg-info/SOURCES.txt
/home/angel/ros2_ws/src/ros2_project_el21ano/install/ros2_project_el21ano/lib/python3.10/site-packages/ros2_project_el21ano-0.0.0-py3.10.egg-info/dependency_links.txt
/home/angel/ros2_ws/src/ros2_project_el21ano/install/ros2_project_el21ano/lib/ros2_project_el21ano/answer
/home/angel/ros2_ws/src/ros2_project_el21ano/install/ros2_project_el21ano/lib/ros2_project_el21ano/first_step
/home/angel/ros2_ws/src/ros2_project_el21ano/install/ros2_project_el21ano/lib/ros2_project_el21ano/fourth_step
/home/angel/ros2_ws/src/ros2_project_el21ano/install/ros2_project_el21ano/lib/ros2_project_el21ano/second_step
/home/angel/ros2_ws/src/ros2_project_el21ano/install/ros2_project_el21ano/lib/ros2_project_el21ano/third_step
